<?xml version="1.0" encoding="UTF-8"?>
<!-- Generated by org.testng.reporters.JUnitReportReporter -->
<testsuite hostname="ASUS-DAWOOD" failures="0" tests="1" name="com.Ylighting.TestCases.TC_YLighting_Remove_011" time="153.943" errors="0" timestamp="18 May 2021 12:36:54 GMT" skipped="0">
  <testcase classname="com.Ylighting.TestCases.TC_YLighting_Remove_011" name="Login" time="153.943"/>
</testsuite> <!-- com.Ylighting.TestCases.TC_YLighting_Remove_011 -->
