<?xml version="1.0" encoding="UTF-8"?>
<!-- Generated by org.testng.reporters.JUnitReportReporter -->
<testsuite hostname="ASUS-DAWOOD" failures="0" tests="1" name="com.Ylighting.TestCases.TC_YLighting_AddCart_006" time="114.001" errors="0" timestamp="18 May 2021 12:36:54 GMT" skipped="0">
  <testcase classname="com.Ylighting.TestCases.TC_YLighting_AddCart_006" name="Login" time="114.001"/>
</testsuite> <!-- com.Ylighting.TestCases.TC_YLighting_AddCart_006 -->
